  5.94385386  6.02827835
  0.  0.
  6.49735403  6.50727749
  5.26093721  5.26785803
  6.78647995  6.7604146
  6.24034214  6.26530123
  6.24483442  6.32614946
  6.65498734  6.60800076
  5.66833496  5.61677122
  6.03102636  6.04737234
  6.01925945  6.02344751
  5.54120064  5.56834459
  5.88522577  5.83481073
  6.58308554  6.57507563
  5.18894863  5.1532917
  6.65550232  6.65544033
  4.01049185  4.00733328
  6.22937441  6.18208504
  6.51105261  6.55961514
  6.61420012  6.64378977
  5.60383701  5.60580206
  5.51013279  5.54517746
  5.70191383  5.72031164
  6.54824209  6.48004436
  5.91242695  5.891644
  6.59311867  6.59714556
  5.92135859  5.91620207
  6.59383869  6.66822815
  6.75394201  6.70563889
  5.67294502  5.65599203
  6.15217924  6.14846849
  4.48771477  4.45434713
  6.76797342  6.80239487
  4.8109479  4.79579067
  6.3757062  6.42971945
  4.26138306  4.2484951
  6.42793417  6.36818695
  6.62923384  6.60934925
  5.38800287  5.43807936
  5.1185565  5.17614985
  6.3314805  6.3044486
  6.86073494  6.81892395
  2.867558  2.94443893
  5.04085398  5.09375
  6.49431324  6.41999483
  5.82716179  5.81711102
  5.19111061  5.18178368
  5.54635668  5.52942896
  5.4131093  5.37063789
  3.63932157  3.66356158
  4.62177181  4.65396023
  6.84335089  6.8469429
  6.39997816  6.43294001
  6.32547283  6.28413439
  4.50107574  4.51085949
  6.09310913  6.16331482
  4.76776505  4.71849871
  4.59538221  4.63472891
  5.52526951  5.53733444
  6.72869062  6.77878475
  6.07630634  6.06842566
  5.39065933  5.34710741
  6.72754908  6.7381525
  5.93247318  5.97380972
  6.49704647  6.44254017
  6.12130356  6.1355648
  6.57442856  6.60665035
  6.51615143  6.50876904
  6.2311821  6.24804306
  6.85157442  6.85540867
  6.82105732  6.85329914
  6.05847359  6.01615715
  6.45208073  6.46458817
  5.51460552  5.54517746
  6.61007118  6.70196056
  6.06599665  6.10924768
  6.65823936  6.69579887
  1.16876006  1.09861231
  6.86758089  6.856462
  6.61383533  6.66057491
  6.60482693  6.55535698
  6.36633635  6.41017485
  3.42569494  3.40119743
  6.11312437  6.06378508
  3.41345525  3.36729574
  6.68575335  6.66949797
  6.67163515  6.72503376
  5.05896807  5.01063538
  6.13916016  6.15697908
  6.50872421  6.49375391
  5.70846462  5.69373226
  6.72958517  6.71538353
  6.18413258  6.22851086
  4.84138012  4.85203028
  6.69966555  6.70196056
  6.25840282  6.24804306
  6.74769688  6.74405909
  5.93700838  5.93224525
  5.24503279  5.19295692
  5.81729555  5.77144098
  5.89611483  5.92157841
  6.74601936  6.73101807
  6.67049503  6.64248657
  3.48780322  3.52636051
  5.78642511  5.79909277
  4.70725727  4.71849871
  5.78444052  5.79301357
  6.3632865  6.3099184
  4.88064814  4.87519741
  5.36194944  5.34710741
  4.74101162  4.74493217
  6.62060356  6.57925129
  6.61385918  6.63331842
  6.37915277  6.39859486
  6.33066177  6.29710913
  6.57289791  6.56103086
  4.92609358  4.90527487
  4.69889736  4.70953035
  6.53696966  6.59850883
  6.86942577  6.86589098
  5.50128269  5.40717173
  5.03723812  5.0369525
  6.3683486  6.3421216
  5.57308912  5.5947113
  1.08586466  1.09861231
  6.83644629  6.74993134
  2.42497969  2.48490667
  6.34919167  6.37842607
  6.80533028  6.76734304
  6.67163515  6.74641228
  4.95104122  4.96284485
  6.68892765  6.66949797
  5.71413517  5.72031164
  4.939569  4.90527487
  6.59041119  6.58340931
  4.95767021  4.89784002
  6.51132917  6.5042882
  6.40446138  6.38350677
  6.97965717  6.87832642
  6.07061291  6.09807444
  6.61272621  6.62007332
  5.78746176  5.77455139
  6.31887436  6.25190401
  6.32740784  6.37842607
  6.27851391  6.29526615
  3.51613188  3.52636051
  4.77440643  4.76217413
  1.57815361  1.60943794
  6.42351961  6.40522861
  6.60687447  6.5482192
  5.93784237  5.92692614
  6.14482498  6.13122654
  6.75323009  6.76849318
  6.53226423  6.58202505
  6.63363409  6.65415239
  6.07845402  6.10255861
  6.32268715  6.32614946
  6.59539223  6.63068342
  6.68436432  6.72383261
  5.93191099  5.97126198
  6.00957441  6.01615715
  6.4197278  6.4085288
  6.83929873  6.83840513
  6.46197128  6.48157692
  5.2240572  5.23110867
  6.7243371  6.79009724
  5.93791628  5.96870756
  4.61571455  4.56434822
  6.64727592  6.72503376
  6.39366102  6.39024067
  6.32037973  6.25190401
  6.18935204  6.15485811
  6.48121881  6.53813982
  6.26838398  6.26339817
  6.5113678  6.46146822
  5.93520117  5.92958927
  1.0619483  1.09861231
  6.11986208  6.19644403
  6.39830542  6.39191723
  6.1969409  6.19644403
  6.59570932  6.70930433
  6.7495985  6.78784513
  6.85700703  6.80350542
  6.74386597  6.74288082
  6.49683809  6.52356243
  5.98734617  6.0730443
  6.62867594  6.57228231
  6.37703991  6.35437012
  5.67310333  5.66296053
  6.82756186  6.83087444
  5.6811142  5.69709349
  5.45173359  5.4161005
  6.57100916  6.56807804
  5.66706324  5.73979282
  6.37880278  6.418365
  6.66862726  6.70073128
  4.98036861  5.01727962
  6.26703358  6.20657587
  6.20053339  6.18414879
  6.89607143  6.90073061
  6.8256793  6.85118484
  3.71240067  3.63758612
  6.85946798  6.86275768
  6.66547203  6.67329788
  6.55889273  6.59304476
  5.09513569  5.15905523
  5.2913332  5.30330467
  6.48288727  6.44730568
  6.69615746  6.7833252
  6.82576418  6.87005329
  6.13642597  6.10702276
  6.60018587  6.65929413
  4.71621037  4.75359011
  6.79275084  6.77536631
  6.12798214  6.09807444
  6.77410269  6.74993134
  4.47474241  4.48863649
  4.06295729  4.07753754
  5.12681723  5.04985619
  6.3352952  6.3350544
  4.42587614  4.41884041
  6.85887814  6.7889719
  6.46545696  6.47079945
  4.53806829  4.55387688
  6.44486523  6.37842607
  6.69465351  6.78219223
  6.57981205  6.52502966
  3.2255733  3.21887589
  5.21419621  5.09986639
  6.12493277  6.04737234
  5.46873522  5.45958567
  6.58846951  6.71295643
  5.41077948  5.34233427
  5.86711359  5.90263319
  6.65059471  6.62273645
  4.91224289  4.95582724
  6.49203396  6.36990118
  5.79529762  5.7589016
  6.45881796  6.48920488
  6.64226532  6.65027905
  6.55229664  6.52209282
  6.88508844  6.90274286
  6.530478  6.5482192
  4.78448725  4.77912331
  5.48535299  5.49716806
  6.40029383  6.3851943
  6.60299206  6.59578037
  5.67903185  5.66988087
  6.28632927  6.32256508
  6.02398491  6.0330863
  6.2685771  6.30809832
  5.48023891  5.42053509
  6.28705883  6.22653675
  6.36976719  6.41509676
  6.72765684  6.75809431
  6.89022064  6.90173721
  5.38127899  5.26269007
  5.4349699  5.37989712
  6.69129181  6.6745615
  5.56154299  5.5872488
  6.045228  6.04737234
  6.23867226  6.20657587
  6.7479763  6.77992201
  6.26190758  6.24804306
  6.01027632  6.08677483
  5.87995195  5.891644
  6.7299099  6.77078962
  6.37358618  6.36990118
  6.14041042  6.07764244
  6.61320448  6.60934925
  5.91809797  5.87773561
  6.81864643  6.80350542
  6.43366671  6.59850883
  6.09398508  6.10031891
  6.56956816  6.56103086
  6.61189318  6.51323032
  5.33474588  5.31812
  6.66047001  6.62539244
  6.59024334  6.55250788
  6.72030926  6.67834234
  4.61871815  4.57471085
  6.76424026  6.7742238
  5.19559765  5.22035599
  5.80562878  5.7960577
  6.26022387  6.19440556
  6.55624437  6.54102993
  6.2583189  6.18001652
  6.32194757  6.3171649
  6.77617645  6.78671694
  6.88729334  6.81454277
  6.82171345  6.84161568
  6.79757643  6.81344461
  6.74760771  6.70563889
  6.28953362  6.22059011
  5.17057514  5.10594559
  5.24712944  5.23644209
  5.65611792  5.63478947
  2.91060996  2.83321333
  6.24926472  6.26339817
  6.76802206  6.80793476
  5.99510765  5.97635078
  4.77929163  4.84418726
  4.7416048  4.74493217
  5.60527229  5.65248919
  6.71046972  6.78784513
  6.82677507  6.8731637
  5.00487185  4.97673368
  6.47707081  6.5102582
  6.85110855  6.90073061
  6.71193743  6.74758673
  6.69251537  6.66440916
  6.73732758  6.76157284
  5.23896027  5.26269007
  5.76102591  5.71373272
  4.52510929  4.49980974
  5.19023085  5.15905523
  6.10701418  6.13122654
  5.78907299  5.82894564
  6.91713333  6.81892395
  6.8653903  6.83518457
  4.34790087  4.26268005
  5.24547529  5.3132062
  4.77612734  4.74493217
  5.37010765  5.34233427
  6.17592955  6.1612072
  5.81568146  5.8493247
  5.46453476  5.45103836
  6.71575928  6.67329788
  6.19886494  6.18826389
  6.55822611  6.5482192
  6.4761014  6.49978685
  6.90973711  6.86484766
  6.67928267  6.67834234
  6.31495667  6.38181591
  5.23096943  5.26269007
  6.11482286  6.11809731
  6.70903826  6.89162588
  6.77872133  6.80016994
  6.2773838  6.26530123
  6.55169153  6.65801096
  4.8923173  4.88280201
  6.56002855  6.58063936
  6.50780296  6.5102582
  6.75148964  6.80903912
  6.06504965  6.07534599
  6.74398613  6.77308035
  5.62780809  5.60580206
  6.68453693  6.61069584
  6.06177378  6.04973364
  6.48291159  6.44094658
  6.20752716  6.18620872
  6.11043358  6.05912304
  6.22885799  6.16751671
  3.90913892  3.89182019
  5.89314032  5.85220242
  6.18896627  6.20253563
  5.38425636  5.38449526
  6.46565008  6.43133116
  6.11430168  6.05443954
  6.84122229  6.83947659
  6.69403458  6.70930433
  6.49426794  6.58202505
  6.43321037  6.47543287
  6.18615913  6.2105999
  6.3961792  6.39191723
  6.69778967  6.68959904
  6.25510883  6.19236231
  6.73046923  6.67959929
  6.30632257  6.3099184
  6.45425797  6.40357399
  6.1967783  6.21260595
  6.48839903  6.56948137
  6.71077156  6.69332361
  6.49184895  6.52941895
  5.00860643  4.95582724
  6.27177095  6.27098846
  5.41038656  5.39362764
  6.53811979  6.5206213
  6.57890129  6.5736804
  6.89589739  6.87109137
  6.03528023  6.01615715
  5.54196119  5.5872488
  4.99871111  4.93447399
  5.00890064  5.02388048
  6.93709469  6.89568281
  5.11022711  5.11799383
  6.92643166  6.87419844
  5.88778591  5.92692614
  6.58477497  6.4692502
  6.00900984  5.99645185
  6.21892262  6.26530123
  5.45523548  5.42053509
  6.28637028  6.29710913
  5.31349182  5.32787609
  6.72313261  6.71295643
  4.46365261  4.45434713
  6.07660055  6.12468338
  6.37922382  6.27098846
  6.27002764  6.34388065
  6.64300537  6.59714556
  4.9134779  4.89034891
  6.47703409  6.41017485
  5.68232727  5.66642666
  6.26869488  6.26909637
  3.7397151  3.73766971
  5.81111097  5.8406415
  6.68166971  6.80239487
  6.54451895  6.5206213
  5.90966845  5.96614695
  6.05010605  6.08449936
  5.98137903  5.96870756
  5.75871229  5.68017244
  5.82789803  5.8493247
  6.22974873  6.23048162
  6.53097677  6.56948137
  5.74755716  5.68697548
  6.11475229  6.09356976
  5.96785831  5.95583725
  5.49592161  5.52942896
  6.60837555  6.72383261
  5.55892611  5.50938845
  6.29126549  6.25190401
  4.56428576  4.5217886
  5.34824038  5.36597586
  6.48353529  6.44888926
  5.95972109  5.88332224
  6.88066578  6.86901426
  6.38311148  6.3171649
  5.27739  5.36129236
  6.24864626  6.20657587
  6.16171789  6.12249279
  6.16111469  6.18620872
  5.89760971  5.90808296
  6.15412331  6.15909529
  5.01620626  4.99043274
  5.17165375  5.16478586
  6.35170555  6.38012266
  5.79334879  5.78689718
  5.7416048  5.7589016
  3.3228755  3.36729574
  4.2310586  4.2484951
  5.46588898  5.47227049
  4.61013794  4.60517025
  3.56546807  3.61091781
  6.34550285  6.34738922
  5.95939589  5.98896122
  5.98922682  6.02827835
  5.75249672  5.80513477
  6.09417009  6.04500532
  6.24423695  6.26909637
  6.04467821  6.00881338
  5.9409709  5.95324326
  6.75861454  6.7833252
  6.81249666  6.7604146
  6.6283536  6.59850883
  5.85545588  5.85220242
  6.76878262  6.81344461
  5.79570532  5.79301357
  4.28021526  4.23410654
  6.31373644  6.23048162
  5.85157585  5.88887787
  5.79574776  5.80814266
  6.78124619  6.76272964
  5.42943335  5.484797
  6.34215307  6.32256508
  5.77170277  5.80814266
  6.15436983  6.18208504
  5.45074654  5.49716806
  5.8960433  5.93753624
  6.47959661  6.49828196
  5.82803917  5.8021183
  6.43287563  6.48004436
  6.00781012  6.07073784
  6.56346893  6.59304476
  6.75334454  6.71174049
  6.7134738  6.73933649
  6.77898264  6.78445721
  6.27368784  6.22455835
  4.81197309  4.77068472
  6.81859398  6.86066389
  2.77931595  2.77258873
  6.59985399  6.57925129
  6.0994935  6.0330863
  3.90909863  3.87120104
  6.37178278  6.3099184
  5.4035778  5.35185814
  4.63765669  4.63472891
  6.88976431  6.88653183
  6.03303814  6.07534599
  6.66840601  6.7165947
  6.05452394  6.02586603
  6.90812731  6.88038397
  5.9249506  5.93753624
  4.43471384  4.47733688
  6.17194271  6.08677483
  6.44328833  6.4068799
  6.40763903  6.40357399
  6.4756794  6.43294001
  6.45745373  6.38181591
  6.3033514  6.3044486
  6.72538424  6.76849318
  1.57069707  1.60943794
  6.35620165  6.47079945
  6.86762285  6.84800529
  3.75490117  3.76120019
  6.50123882  6.47543287
  6.90436935  6.8469429
  4.70990849  4.71849871
  6.25636005  6.24416685
  6.63362885  6.64639044
  1.13140213  1.09861231
  5.98721075  5.94803476
  6.30599785  6.23832464
  6.08943033  6.02102327
  6.17094898  6.20253563
  5.94192219  5.97126198
  6.31979322  6.29710913
  5.34365416  5.40267754
  4.17176867  4.15888309
  5.43491793  5.47227049
  5.38767338  5.32300997
  6.92030811  6.89669418
  6.82433224  6.84481525
  5.84462786  5.80814266
  6.78233719  6.72142553
  6.63952827  6.65415239
  6.25810814  6.09807444
  4.66238213  4.72738791
  6.80758572  6.78784513
  6.89174175  6.86066389
  6.3915081  6.32256508
  3.78505278  3.7841897
  5.62281799  5.69709349
  6.22522736  6.28599787
  5.7438426  5.73009968
  6.38056326  6.39859486
  6.72187853  6.72623348
  5.68150282  5.68697548
  6.42740393  6.35437012
  6.79720592  6.75809431
  6.90071058  6.87109137
  3.74714851  3.68887949
  6.36239672  6.29341936
  5.45231676  5.47227049
  6.8331933  6.87729597
  5.86634922  5.76832104
  5.74660587  5.77765226
  6.6695919  6.70073128
  6.80970812  6.86797428
  6.63324738  6.64639044
  4.6870265  4.82028151
  3.06525826  2.99573231
  4.75215816  4.63472891
  6.49461889  6.42324686
  4.6288867  4.53259945
  5.6646533  5.66296053
  5.06552744  5.11198759
  5.02922153  5.01727962
  5.88301611  5.87493086
  4.4508996  4.43081665
  5.15037394  5.14166355
  6.66298723  6.67708349
  6.79105091  6.76503897
  5.40866852  5.4161005
  6.56983757  6.58617163
  5.65567732  5.67332315
  5.69232368  5.69373226
  5.40356874  5.44673729
  6.23556709  6.22455835
  6.73291111  6.7165947
  6.7605257  6.69208384
  6.0324769  6.02827835
  6.21362352  6.21860027
  6.38972044  6.35088587
  5.91977501  5.97635078
  6.38079691  6.3851943
  1.92337239  1.9459101
  4.89780998  4.82831383
  6.38416529  6.43294001
  3.25686502  3.25809646
  6.90644455  6.85118484
  5.74755716  5.70378256
  5.98598957  6.00881338
  6.83675766  6.81783056
  6.80638885  6.80350542
  6.12166357  6.14846849
  6.06131697  6.02344751
  6.13170481  6.13988447
  6.07494116  6.00388718
  6.67934275  6.66440916
  5.94045544  5.86363125
  6.53880262  6.52209282
  3.12015986  3.17805386
  6.03718805  6.04973364
  6.67374802  6.71901321
  5.09560108  5.0562458
  6.15108871  6.13772726
  6.65703487  6.57786131
  6.57086039  6.62936306
  5.76122713  5.7838254
  6.53627682  6.5708828
  6.20890379  6.34388065
  5.40939331  5.35658646
  6.75069189  6.66949797
  3.78346205  3.73766971
  6.67332315  6.68835449
  5.82905149  5.82304573
  6.05102491  5.98393631
  6.61205959  6.55535698
  6.84305668  6.88346243
  5.56725979  5.6094718
  5.94751263  5.93489408
  3.00270796  2.99573231
  5.83923388  5.82600021
  6.77579975  6.78105783
  5.75474167  5.7589016
  6.53950787  6.50578403
  6.7719059  6.77536631
  4.93510675  4.96981335
  5.41577148  5.39816284
  6.12457418  6.09582472
  5.74544907  5.75257254
  5.16710329  5.16478586
  6.67795229  6.68835449
  5.5893364  5.64190722
  6.68049574  6.73578024
  6.83528996  6.87832642
  6.65905285  6.7165947
  5.49853611  5.50125837
  6.30953646  6.30809832
  5.76096916  5.78689718
  5.00567627  4.99043274
  6.67229128  6.67582321
  6.38168383  6.27098846
  6.86088991  6.89568281
  6.63525057  6.55677843
  6.65801859  6.69950056
  6.5177803  6.46769857
  6.71830273  6.80793476
  6.73481274  6.71780491
  6.61160564  6.6025877
  6.61754179  6.55393362
  5.4628315  5.49306154
  5.97354507  6.02102327
  4.60384941  4.61512041
  6.55873108  6.53813982
  5.25865078  5.24702406
  5.30306625  5.3132062
  6.4992094  6.54391193
  6.33091116  6.32076836
  6.89237356  6.87419844
  5.02562904  4.94164228
  6.1363306  6.19236231
  5.95008516  5.89715385
  6.65280867  6.63987589
  6.82269621  6.87212801
  5.63736486  5.65599203
  6.57870102  6.57507563
  6.29767656  6.24027586
  3.27487803  3.33220458
  6.73503637  6.75227022
  6.67644072  6.69084215
  6.87393808  6.8617115
  6.78672171  6.82219744
  6.45210552  6.42486906
  6.84652424  6.85540867
  6.66510534  6.73101807
  6.51269293  6.5453496
  6.82920313  6.86693335
  5.43646049  5.4161005
  6.61959314  6.55961514
  6.71813107  6.64118195
  6.85435438  6.89467001
  4.20707798  4.20469284
  6.56510735  6.57646942
  5.2253809  5.20400667
  6.85140944  6.81673574
  6.06223059  6.09582472
  4.99169731  5.01727962
  6.28133917  6.28413439
  6.44539261  6.51174545
  6.50300598  6.47697258
  6.3982687  6.45676947
  5.66852808  5.69373226
  5.73168945  5.74620342
  6.5887394  6.70073128
  6.57436991  6.51323032
  6.5279932  6.52209282
  6.69564581  6.71780491
  6.92725801  6.81124449
  6.75958681  6.82001638
  6.72307968  6.70318794
  6.68869114  6.66057491
  6.45940685  6.49677515
  6.68420935  6.65286303
  6.60766602  6.63463354
  5.81197882  5.79301357
  6.26778126  6.3099184
  6.63195944  6.66822815
  5.57220745  5.64190722
  6.09108829  6.06842566
  6.55576658  6.5708828
  5.71245146  5.74620342
  6.55545664  6.59987068
  3.99878764  3.91202307
  4.19515467  4.12713432
  6.76696348  6.87419844
  5.43595552  5.40717173
  6.39947319  6.3767271
  2.35574651  2.30258512
  6.47198772  6.50128984
  5.50389957  5.50125837
  4.78217745  4.75359011
  5.90065336  5.91889381
  3.83923721  3.87120104
  5.10467196  5.12396383
  4.34063148  4.356709
  5.50952578  5.50938845
  4.64684916  4.71849871
  5.99738693  5.89440298
  6.55210257  6.52795792
  6.72293758  6.76272964
  6.7237339  6.72142553
  6.40236473  6.47850943
  6.37468767  6.37161207
  6.4274621  6.36130238
  5.68985939  5.72358513
  6.44444942  6.49828196
  5.25712013  5.2574954
  6.92064381  6.89568281
  6.71419954  6.77536631
  6.03879642  6.07993317
  6.84664774  6.83303165
  5.4196763  5.42495012
  6.68434668  6.73221064
  6.50836086  6.5042882
  6.09116507  6.05443954
  5.57950354  5.6094718
  5.41868353  5.37063789
  4.81684017  4.86753464
  5.81693268  5.80513477
  6.53245926  6.56807804
  6.74077463  6.68835449
  6.01116419  6.07764244
  6.17692709  6.12249279
  5.55787754  5.57594919
  4.308918  4.29045963
  4.48820925  4.55387688
  6.54059124  6.49677515
  6.57755804  6.55393362
  6.88175011  6.86797428
  6.91480827  6.90073061
  5.97681761  6.04500532
  5.90531301  5.92425585
  6.50404549  6.52795792
  5.94131279  5.88610411
  5.57242775  5.66296053
  4.43965864  4.44265127
  5.30253839  5.38907194
  6.48776627  6.40522861
  6.83392143  6.80350542
  4.73201418  4.70953035
  5.65065575  5.60580206
  6.48668814  6.52941895
  6.76138973  6.81454277
  6.6897459  6.6846118
  6.89476538  6.90173721
  6.37859583  6.42162228
  5.78124952  5.83481073
  4.80775166  4.81218433
  4.50949574  4.51085949
  6.91130686  6.89365625
  5.83753204  5.80814266
  6.36026239  6.34563637
  6.82630014  6.7742238
  6.95794249  6.90173721
  6.65322161  6.67582321
  5.62676477  5.63478947
  6.29577875  6.28971577
  6.23553181  6.23636961
  5.17057514  5.12396383
  5.81513882  5.76519108
  5.8340621  5.86929703
  6.46256113  6.49828196
  6.49365425  6.5102582
  6.85716486  6.85961485
  1.7007401  1.79175949
  6.22456646  6.18001652
  6.25883532  6.32076836
  5.860672  5.81114101
  6.71119547  6.69084215
  6.84549904  6.83947659
  6.81937408  6.8469429
  2.80432963  2.77258873
  6.08459949  5.97126198
  6.26091909  6.23048162
  5.61241961  5.58349609
  6.33275747  6.34563637
  6.73653269  6.82871199
  6.68813801  6.71174049
  6.74391794  6.69456196
  5.87947083  5.92692614
  4.49481964  4.54329491
  6.56165838  6.59850883
  5.30830717  5.23110867
  5.23453569  5.21493578
  0.656483173  0.693147182
  6.84713888  6.88346243
  6.25128317  6.28785849
  5.92337847  5.91889381
  5.61368275  5.63121176
  5.24874878  5.15905523
  6.2745924  6.23441076
  5.5225563  5.57215405
  2.29576182  2.30258512
  5.9114089  5.78996038
  6.59891224  6.59850883
  6.49770355  6.44730568
  5.96629572  5.96357918
  6.25781298  6.25190401
  5.06181002  5.0562458
  4.13215399  4.20469284
  6.61047268  6.53813982
  5.60402107  5.64190722
  5.73389149  5.66296053
  6.60838938  6.6240654
  5.95779419  6.02827835
  6.1355257  6.05678415
  5.92258072  5.99893665
  5.33594084  5.32787609
  5.86176586  5.8493247
  6.16255236  6.23832464
  6.28559971  6.33327961
  6.61930227  6.5482192
  6.61489964  6.64248657
  6.74475861  6.79794025
  6.23810577  6.19440556
  6.11413765  6.09356976
  5.58889532  5.5947113
  6.07430172  6.10924768
  6.61113214  6.58755016
  3.96111774  3.95124364
  5.82499075  5.7807436
  6.45220375  6.48768425
  6.43456888  6.43294001
  6.34394026  6.36130238
  5.74695683  5.75574207
  6.57091665  6.55535698
  6.84973621  6.85856485
  1.36558127  1.38629436
  6.52849579  6.50876904
  6.38771391  6.37331963
  6.09938145  6.09807444
  6.71896982  6.80682945
  6.36761761  6.33327961
  6.73167896  6.71052313
  3.90640736  3.95124364
  3.85210323  3.87120104
  6.77478838  6.80682945
  6.90312052  6.90675497
  6.0265274  5.99146461
  6.52621365  6.59030104
  6.72806644  6.69456196
  5.08976698  5.08140421
  5.80140495  5.85507202
  4.3168211  4.3307333
  5.6501565  5.66642666
  6.08725166  6.18620872
  5.20247793  5.18178368
  6.01430178  6.08449936
  6.20129585  6.22059011
  5.16135168  5.17614985
  6.79899359  6.80903912
  6.42811489  6.418365
  6.65713024  6.66822815
  5.24055052  5.26269007
  5.45526981  5.45532131
  5.91994715  5.90263319
  6.92068911  6.87523222
  6.5903697  6.66568375
  6.78559208  6.78671694
  6.51232767  6.49828196
  6.15513849  6.1696105
  5.07937765  5.10594559
  6.39097548  6.34563637
  5.08471584  5.0689044
  5.48203802  5.42053509
  6.5075345  6.55250788
  5.95864153  5.96870756
  6.52500343  6.45833826
  6.84146595  6.85224247
  6.32217741  6.31535816
  6.66644526  6.69208384
  6.43668222  6.48920488
  6.4458499  6.49828196
  6.42623615  6.42162228
  5.90734339  5.8493247
  6.58872271  6.65801096
  6.78125286  6.77764654
  5.79424477  5.74939299
  6.42563057  6.48310757
  6.79990292  6.82762909
  3.20502019  3.17805386
  6.26140022  6.27852154
  6.57388973  6.54247189
  6.40387869  6.39359093
  6.70151567  6.70686245
  6.4921093  6.51471281
  5.36735821  5.41164589
  5.61277056  5.62762117
  6.32646084  6.29894924
  2.6232183  2.6390574
  4.87177181  4.93447399
  6.97700357  6.90675497
  6.45344543  6.5042882
  6.80283689  6.82545996
  5.36830044  5.43372202
  6.2405138  6.28039598
  3.74208832  3.7841897
  6.78908205  6.83947659
  4.70723915  4.70048046
  6.6790967  6.73578024
  4.57068205  4.60517025
  6.40627909  6.36647034
  4.85869551  4.87519741
  6.38514709  6.45519876
  6.08677483  6.00881338
  6.1702466  6.12905025
  4.58845139  4.62497282
  4.38172674  4.38202667
  6.00875902  6.12905025
  6.89062548  6.88448668
  5.10795546  4.99721241
  6.59714842  6.60123014
  6.51266336  6.56103086
  6.46728897  6.49072361
  6.41932678  6.47543287
  6.25301313  6.28039598
  5.42763376  5.40267754
  4.76611471  4.71849871
  5.49720097  5.50938845
  6.76108646  6.74405909
  6.253829  6.24804306
  6.68436432  6.66313267
  6.41891956  6.35088587
  5.40725231  5.39816284
  6.8807025  6.89264154
  6.17796898  6.2105999
  5.75037336  5.72358513
  5.93061495  5.93489408
  4.2096653  4.18965483
  6.0850687  6.07534599
  4.24772358  4.27666616
  6.78759003  6.83410883
  4.4048152  4.41884041
  5.28130341  5.28826714
  6.415555  6.35784245
  6.04082584  5.99396133
  5.24991465  5.33271885
  4.41207075  4.356709
  6.43157911  6.47543287
  6.34562922  6.3750248
  6.78697872  6.71780491
  6.91232681  6.88755274
  4.11555147  4.14313459
  6.53887749  6.59850883
  6.2512331  6.20050907
  6.80717897  6.82437372
  6.36411715  6.33327961
  5.54402065  5.53338957
  5.98199511  5.95324326
  6.46861744  6.48463535
  4.67562866  4.68213129
  6.35378551  6.36818695
  6.81890202  6.85856485
  6.26196861  6.36302805
  5.1553936  5.14166355
  6.72653294  6.70196056
  6.84475374  6.7604146
  2.87345171  2.8903718
  6.53508186  6.57786131
  6.22929573  6.21460819
  6.64507532  6.74758673
  4.91996622  4.919981
  6.58479977  6.64118195
  6.73526669  6.72623348
  6.07219601  6.06378508
  4.67914534  4.70048046
  6.03771353  6.05678415
  5.66789961  5.66296053
  5.75316906  5.79909277
  5.2811408  5.17048407
  6.0187974  5.94803476
  6.40186739  6.44413137
  6.46713972  6.48004436
  6.86974812  6.88038397
  6.23928118  6.34035921
  6.69864511  6.72503376
  5.91216707  5.91079664
  6.29413605  6.29156923
  6.81427717  6.83733273
 7.31221914  7.32580757
61
