   1.692851      0.0000000E+00
   1.692846      5.0000001E-02
   1.692857      0.1000000    
   1.692854      0.1500000    
   1.692854      0.2000000    
   1.692854      0.2500000    
   1.692854      0.3000000    
   1.692848      0.3500000    
   1.692851      0.4000000    
   1.692859      0.4500000    
   1.692854      0.5000001    
   1.692851      0.5500001    
   1.692850      0.6000001    
   1.692848      0.6500001    
   1.692848      0.7000001    
   1.692851      0.7500001    
   1.692853      0.8000001    
   1.692848      0.8500001    
   1.692846      0.9000002    
   1.692845      0.9500002    
   1.692848       1.000000    
   1.692847       1.050000    
   1.692847       1.100000    
   1.692843       1.150000    
   1.692844       1.200000    
   1.692844       1.250000    
   1.692839       1.300000    
   1.692842       1.350000    
   1.692837       1.400000    
   1.692838       1.450000    
   1.692836       1.500000    
   1.692833       1.550000    
   1.692831       1.600000    
   1.692832       1.649999    
   1.692834       1.699999    
   1.692831       1.749999    
   1.692827       1.799999    
   1.692825       1.849999    
   1.692822       1.899999    
   1.692823       1.949999    
   1.692823       1.999999    
   1.692824       2.049999    
   1.692815       2.099999    
   1.692819       2.149999    
   1.692816       2.199999    
   1.692811       2.249999    
   1.692810       2.299999    
   1.692808       2.349999    
   1.692807       2.399999    
   1.692803       2.449999    
   1.692802       2.499999    
   1.692806       2.549999    
   1.692801       2.599999    
   1.692798       2.649999    
   1.692791       2.699999    
   1.692788       2.749999    
   1.692787       2.799999    
   1.692782       2.849998    
   1.692783       2.899998    
   1.692776       2.949998    
   1.692774       2.999998    
   1.692769       3.049998    
   1.692764       3.099998    
   1.692759       3.149998    
   1.692752       3.199998    
   1.692744       3.249998    
   1.692742       3.299998    
   1.692734       3.349998    
   1.692735       3.399998    
   1.692727       3.449998    
   1.692719       3.499998    
   1.692716       3.549998    
   1.692701       3.599998    
   1.692700       3.649998    
   1.573004       3.699998    
   1.527694       3.749998    
   1.526820       3.799998    
   1.525820       3.849998    
   1.525029       3.899997    
   1.524306       3.949997    
   1.523656       3.999997    
   1.523078       4.049997    
   1.522603       4.099998    
   1.522118       4.149998    
   1.521733       4.199998    
   1.521433       4.249998    
   1.521120       4.299998    
   1.520856       4.349998    
   1.520650       4.399999    
   1.520438       4.449999    
   1.520285       4.499999    
   1.520145       4.549999    
   1.520009       4.599999    
   1.519920       4.650000    
   1.519854       4.700000    
   1.519789       4.750000    
   1.519742       4.800000    
   1.519716       4.850000    
   1.519672       4.900001    
   1.519649       4.950001    
   1.519622       5.000001    
