   1.692185      0.0000000E+00
   1.692184      9.9999998E-03
   1.692199      2.0000000E-02
   1.692184      2.9999999E-02
   1.692185      3.9999999E-02
   1.692194      4.9999997E-02
   1.692203      5.9999995E-02
   1.692184      6.9999993E-02
   1.692190      7.9999991E-02
   1.692189      8.9999989E-02
   1.692190      0.1000000    
   1.692189      0.1100000    
   1.692201      0.1200000    
   1.692183      0.1300000    
   1.692184      0.1400000    
   1.692174      0.1500000    
   1.692213      0.1600000    
   1.692169      0.1700000    
   1.692226      0.1800000    
   1.692196      0.1900000    
   1.692186      0.2000000    
   1.692178      0.2100000    
   1.692184      0.2200000    
   1.692170      0.2300000    
   1.692171      0.2400000    
   1.692186      0.2500000    
   1.692175      0.2600000    
   1.692180      0.2700000    
   1.692179      0.2800000    
   1.692189      0.2900000    
   1.692166      0.3000000    
   1.692179      0.3100000    
   1.692182      0.3200000    
   1.692161      0.3300000    
   1.692166      0.3399999    
   1.692183      0.3499999    
   1.692170      0.3599999    
   1.692155      0.3699999    
   1.692158      0.3799999    
   1.692173      0.3899999    
   1.692160      0.3999999    
   1.692166      0.4099999    
   1.692173      0.4199999    
   1.692148      0.4299999    
   1.692173      0.4399998    
   1.692158      0.4499998    
   1.692140      0.4599998    
   1.692153      0.4699998    
   1.692156      0.4799998    
   1.692138      0.4899998    
   1.692135      0.4999998    
   1.692141      0.5099998    
   1.692143      0.5199998    
   1.692147      0.5299998    
   1.692140      0.5399998    
   1.692147      0.5499998    
   1.692131      0.5599998    
   1.692098      0.5699998    
   1.692136      0.5799997    
   1.692135      0.5899997    
   1.692118      0.5999997    
   1.692112      0.6099997    
   1.692109      0.6199997    
   1.692105      0.6299997    
   1.692113      0.6399997    
   1.692107      0.6499997    
   1.692111      0.6599997    
   1.692093      0.6699997    
   1.692081      0.6799996    
   1.692105      0.6899996    
   1.692094      0.6999996    
   1.692080      0.7099996    
   1.692079      0.7199996    
   1.692053      0.7299996    
   1.692099      0.7399996    
   1.692072      0.7499996    
   1.692072      0.7570000    
   1.689077      0.7572000    
   1.689062      0.7574000    
   1.689083      0.7575999    
   1.689585      0.7577999    
   1.689987      0.7579999    
   1.686082      0.7699996    
   1.671232      0.7799996    
   1.663424      0.7869995    
   1.640009      0.7900000    
   1.640160      0.7920000    
   1.639165      0.7940000    
   1.638233      0.7959999    
   1.638533      0.7979999    
   1.637874      0.7999999    
   1.637552      0.8019999    
   1.636633      0.8039998    
   1.636180      0.8059998    
   1.634893      0.8079998    
   1.635356      0.8099998    
   1.634109      0.8119997    
   1.633881      0.8139997    
   1.632659      0.8159997    
   1.633098      0.8179997    
   1.632047      0.8199996    
   1.631743      0.8219996    
   1.631119      0.8239996    
   1.630779      0.8259996    
   1.630604      0.8279995    
   1.629823      0.8299995    
   1.629066      0.8319995    
   1.628131      0.8339995    
   1.628120      0.8359994    
   1.626506      0.8379994    
   1.627118      0.8399994    
   1.626828      0.8419994    
   1.625652      0.8439993    
   1.625669      0.8459993    
   1.624598      0.8479993    
   1.624013      0.8499992    
   1.624255      0.8519992    
   1.623674      0.8539992    
   1.623053      0.8559992    
   1.622285      0.8579991    
   1.622167      0.8599991    
   1.622365      0.8619991    
   1.621408      0.8639991    
   1.621312      0.8659990    
   1.621055      0.8679990    
   1.620567      0.8699990    
   1.619598      0.8719990    
   1.619071      0.8739989    
   1.618775      0.8759989    
   1.618514      0.8779989    
   1.618338      0.8799989    
   1.616789      0.8819988    
   1.616666      0.8839988    
   1.616709      0.8859988    
   1.616362      0.8879988    
   1.615776      0.8899987    
   1.615413      0.8919987    
   1.614594      0.8939987    
   1.614610      0.8959987    
   1.614296      0.8979986    
   1.613956      0.8999986    
   1.613551      0.9019986    
   1.612849      0.9039986    
   1.612567      0.9059985    
   1.612130      0.9079985    
   1.612022      0.9099985    
   1.611017      0.9119985    
   1.610837      0.9139984    
   1.610309      0.9159984    
   1.610109      0.9179984    
   1.610055      0.9199983    
   1.609825      0.9219983    
   1.609052      0.9239983    
   1.608619      0.9259983    
   1.608683      0.9279982    
   1.608301      0.9299982    
   1.608155      0.9319982    
   1.607416      0.9339982    
   1.606951      0.9359981    
   1.606583      0.9379981      
   1.605139      0.9399994    
   1.604440      0.9499994    
   1.602960      0.9599994    
   1.601378      0.9699994    
   1.600345      0.9799994    
   1.598526      0.9899994    
   1.597046      0.9999993    
   1.596008       1.009999    
   1.593884       1.019999    
   1.592961       1.029999    
   1.591516       1.039999    
   1.590442       1.049999    
   1.589319       1.059999    
   1.587923       1.069999    
   1.587129       1.079999    
   1.585607       1.089999    
   1.584854       1.099999    
   1.583457       1.109999    
   1.582180       1.119999    
   1.581408       1.129999    
   1.580368       1.139999    
   1.579255       1.149999    
   1.578554       1.159999    
   1.577556       1.169999    
   1.576721       1.179999    
   1.575819       1.189999    
   1.574922       1.199999    
   1.574007       1.209999    
   1.573085       1.219999    
   1.572559       1.229999    
   1.571567       1.239999    
   1.570965       1.249999    
   1.570226       1.259999    
   1.569825       1.269999    
   1.568721       1.279999    
   1.568197       1.289999    
   1.567567       1.299999    
   1.566862       1.309999    
   1.566029       1.319999    
   1.565553       1.329999    
   1.564999       1.339999    
   1.564480       1.349999    
   1.563829       1.359999    
   1.563142       1.369999    
   1.562735       1.379999    
   1.562105       1.389999    
   1.561607       1.399999    
   1.561159       1.409999    
   1.560574       1.419999    
   1.560114       1.429999    
   1.559629       1.439999    
   1.559279       1.449999    
   1.558717       1.459999    
   1.558453       1.469999    
   1.557778       1.479999    
   1.557439       1.489999    
   1.556970       1.499999    
   1.556427       1.509999    
   1.556257       1.519999    
   1.555625       1.529999    
   1.555241       1.539999    
   1.554805       1.549999    
   1.554497       1.559999    
   1.554191       1.569999    
   1.553809       1.579999    
   1.553397       1.589999    
   1.552931       1.599999    
   1.552749       1.609999    
   1.552382       1.619999    
   1.552049       1.629999    
   1.551712       1.639999    
   1.551448       1.649999    
   1.551124       1.659999    
   1.550703       1.669999    
   1.550362       1.679999    
   1.550088       1.689999    
   1.549805       1.699999    
   1.549512       1.709999    
   1.549206       1.719999    
   1.548903       1.729999    
   1.548675       1.739999    
   1.548314       1.749999    
   1.548019       1.759999    
   1.547705       1.769999    
   1.547574       1.779999    
   1.547178       1.789999    
   1.546962       1.799999    
   1.546759       1.809999    
   1.546580       1.819999    
   1.546252       1.829999    
   1.546026       1.839999    
   1.545747       1.849999    
   1.545598       1.859999    
   1.545261       1.869999    
   1.545017       1.879999    
   1.544796       1.889999    
   1.544563       1.899999    
   1.544373       1.909999    
   1.544068       1.919999    
   1.543877       1.929999    
   1.543733       1.939999    
   1.543485       1.949998    
   1.543243       1.959998    
   1.543064       1.969998    
   1.542876       1.979998    
   1.542655       1.989998    
   1.542485       1.999998    
   1.542298       2.009999    
   1.542005       2.019999    
   1.541858       2.029999    
   1.541628       2.039999    
   1.541438       2.049999    
   1.541205       2.059999    
   1.541144       2.069999    
   1.540887       2.079998    
   1.540726       2.089998    
   1.540515       2.099998    
   1.540343       2.109998    
   1.540162       2.119998    
   1.539958       2.129998    
   1.539817       2.139998    
   1.539615       2.149998    
   1.539519       2.159998    
   1.539214       2.169998    
   1.539103       2.179998    
   1.538947       2.189998    
   1.538765       2.199998    
   1.538604       2.209998    
   1.538426       2.219998    
   1.538258       2.229998    
   1.538011       2.239998    
   1.537970       2.249998    
   1.537715       2.259998    
   1.537521       2.269998    
   1.537430       2.279998    
   1.537255       2.289998    
   1.537020       2.299998    
   1.536904       2.309998    
   1.536687       2.319998    
   1.536504       2.329998    
   1.536401       2.339998    
   1.536185       2.349998    
   1.536123       2.359998    
   1.535891       2.369998    
   1.535770       2.379998    
   1.535570       2.389998    
   1.535402       2.399998    
   1.535281       2.409998    
   1.535143       2.419998    
   1.534968       2.429998    
   1.534769       2.439998    
   1.534645       2.449998    
   1.534524       2.459998    
   1.534358       2.469998    
   1.534256       2.479998    
   1.534073       2.489998    
   1.533886       2.499998    
   1.533783       2.509998    
   1.533610       2.519998    
   1.533473       2.529998    
   1.533268       2.539998    
   1.533145       2.549998    
   1.532992       2.559998    
   1.532809       2.569998    
   1.532698       2.579998    
   1.532524       2.589998    
   1.532396       2.599998    
   1.532316       2.609998    
   1.532145       2.619998    
   1.532009       2.629998    
   1.531889       2.639998    
   1.531727       2.649998    
   1.531629       2.659998    
   1.531456       2.669998    
   1.531300       2.679998    
   1.531159       2.689998    
   1.531034       2.699998    
   1.530883       2.709998    
   1.530731       2.719998    
   1.530680       2.729998    
   1.530489       2.739998    
   1.530373       2.749998    
   1.530220       2.759998    
   1.530169       2.769998    
   1.530022       2.779998    
   1.529867       2.789998    
   1.529736       2.799998    
   1.529588       2.809998    
   1.529496       2.819998    
   1.529379       2.829998    
   1.529246       2.839998    
   1.529149       2.849998    
   1.528990       2.859998    
   1.528901       2.869998    
   1.528737       2.879998    
   1.528621       2.889998    
   1.528567       2.899998    
   1.528404       2.909998    
   1.528285       2.919998    
   1.528206       2.929998    
   1.528036       2.939998    
   1.527959       2.949998    
   1.527846       2.959998    
   1.527706       2.969998    
   1.527603       2.979998    
   1.527508       2.989998    
   1.527394       2.999998    
   1.527314       3.009998    
   1.527183       3.019998    
   1.527076       3.029998    
   1.526932       3.039998    
   1.526831       3.049998    
   1.526687       3.059998    
   1.526670       3.069998    
   1.526552       3.079998    
   1.526467       3.089998    
   1.526374       3.099998    
   1.526226       3.109998    
   1.526109       3.119998    
   1.526017       3.129997    
   1.525931       3.139997    
   1.525821       3.149997    
   1.525710       3.159997    
   1.525628       3.169997    
   1.525527       3.179997    
   1.525425       3.189997    
   1.525353       3.199997    
   1.525264       3.209997    
   1.525117       3.219997    
   1.525064       3.229997    
   1.524961       3.239997    
   1.524880       3.249997    
   1.524780       3.259997    
   1.524686       3.269997    
   1.524599       3.279997    
   1.524521       3.289997    
   1.524420       3.299997    
   1.524349       3.309997    
   1.524189       3.319997    
   1.524165       3.329997    
   1.524076       3.339997    
   1.523970       3.349997    
   1.523907       3.359997    
   1.523845       3.369997    
   1.523762       3.379997    
   1.523668       3.389997    
   1.523616       3.399997    
   1.523513       3.409997    
   1.523467       3.419997    
   1.523354       3.429997    
   1.523288       3.439997    
   1.523243       3.449997    
   1.523145       3.459997    
   1.523083       3.469997    
   1.523025       3.479997    
   1.522950       3.489997    
   1.522865       3.499997    
