   1.703953      0.0000000E+00
   1.703945      2.0000000E-02
   1.703941      3.9999999E-02
   1.703949      5.9999999E-02
   1.703947      7.9999998E-02
   1.703943      0.1000000    
   1.703928      0.1200000    
   1.703953      0.1400000    
   1.703948      0.1600000    
   1.703935      0.1800000    
   1.703934      0.2000000    
   1.703925      0.2200000    
   1.703940      0.2400000    
   1.703935      0.2600000    
   1.703942      0.2800000    
   1.703937      0.3000000    
   1.703942      0.3200000    
   1.703944      0.3400000    
   1.703946      0.3600000    
   1.703930      0.3800000    
   1.703940      0.4000000    
   1.703920      0.4200000    
   1.703943      0.4400001    
   1.703922      0.4600001    
   1.703926      0.4800001    
   1.703933      0.5000001    
   1.703931      0.5200000    
   1.703919      0.5400000    
   1.703918      0.5600000    
   1.703929      0.5800000    
   1.703913      0.6000000    
   1.703915      0.6199999    
   1.703911      0.6399999    
   1.703916      0.6599999    
   1.703901      0.6799999    
   1.703917      0.6999999    
   1.703912      0.7199998    
   1.703893      0.7399998    
   1.703902      0.7599998    
   1.703894      0.7799998    
   1.703900      0.7999998    
   1.703887      0.8199998    
   1.703882      0.8399997    
   1.703880      0.8599997    
   1.703877      0.8799997    
   1.703873      0.8999997    
   1.703874      0.9199997    
   1.703856      0.9399996    
   1.703850      0.9599996    
   1.703865      0.9799996    
   1.703839      0.9999996    
   1.703831       1.020000    
   1.703849       1.040000    
   1.662123       1.060000    
   1.602153       1.080000    
   1.598580       1.100000    
   1.595578       1.120000    
   1.592891       1.140000    
   1.590140       1.159999    
   1.587826       1.179999    
   1.585310       1.199999    
   1.583104       1.219999    
   1.581120       1.239999    
   1.579026       1.259999    
   1.577506       1.279999    
   1.575948       1.299999    
   1.574371       1.319999    
   1.572846       1.339999    
   1.571595       1.359999    
   1.570224       1.379999    
   1.568938       1.399999    
   1.567938       1.419999    
   1.566443       1.439999    
   1.565606       1.459999    
   1.564558       1.479999    
   1.563610       1.499999    
   1.562545       1.519999    
   1.561701       1.539999    
   1.560980       1.559999    
   1.560000       1.579999    
   1.559311       1.599999    
   1.558447       1.619999    
   1.557554       1.639999    
   1.556953       1.659999    
   1.556168       1.679999    
   1.555313       1.699999    
   1.554754       1.719999    
   1.554023       1.739999    
   1.553360       1.759999    
   1.552542       1.779999    
   1.552004       1.799999    
   1.551487       1.819999    
   1.550836       1.839999    
   1.550122       1.859999    
   1.549662       1.879999    
   1.549019       1.899999    
   1.548440       1.919999    
   1.547880       1.939999    
   1.547298       1.959999    
   1.546829       1.979999    
   1.546233       1.999999    
   1.545788       2.019999    
   1.545229       2.039999    
   1.544730       2.059999    
   1.544320       2.079999    
   1.543783       2.099999    
